2024-05-10 19:15:16.312123: I tensorflow_serving/model_servers/server.cc:77] Building single TensorFlow model file config:  model_name: fashion_model model_base_path: /tmp
2024-05-10 19:15:16.312922: I tensorflow_serving/model_servers/server_core.cc:471] Adding/updating models.
2024-05-10 19:15:16.312942: I tensorflow_serving/model_servers/server_core.cc:600]  (Re-)adding model: fashion_model
2024-05-10 19:15:16.554895: I tensorflow_serving/core/basic_manager.cc:740] Successfully reserved resources to load servable {name: fashion_model version: 1}
2024-05-10 19:15:16.555010: I tensorflow_serving/core/loader_harness.cc:68] Approving load for servable version {name: fashion_model version: 1}
2024-05-10 19:15:16.555052: I tensorflow_serving/core/loader_harness.cc:76] Loading servable version {name: fashion_model version: 1}
2024-05-10 19:15:16.555134: I external/org_tensorflow/tensorflow/cc/saved_model/reader.cc:83] Reading SavedModel from: /tmp/1
2024-05-10 19:15:16.555971: I external/org_tensorflow/tensorflow/cc/saved_model/reader.cc:51] Reading meta graph with tags { serve }
2024-05-10 19:15:16.556046: I external/org_tensorflow/tensorflow/cc/saved_model/reader.cc:146] Reading SavedModel debug info (if present) from: /tmp/1
2024-05-10 19:15:16.556124: I external/org_tensorflow/tensorflow/core/platform/cpu_feature_guard.cc:210] This TensorFlow binary is optimized to use available CPU instructions in performance-critical operations.
To enable the following instructions: AVX2 FMA, in other operations, rebuild TensorFlow with the appropriate compiler flags.
2024-05-10 19:15:16.632105: I external/org_tensorflow/tensorflow/compiler/mlir/mlir_graph_optimization_pass.cc:388] MLIR V1 optimization pass is not enabled
2024-05-10 19:15:16.643205: I external/org_tensorflow/tensorflow/cc/saved_model/loader.cc:234] Restoring SavedModel bundle.
2024-05-10 19:15:16.715231: I external/org_tensorflow/tensorflow/cc/saved_model/loader.cc:218] Running initialization op on SavedModel bundle at path: /tmp/1
2024-05-10 19:15:16.729979: I external/org_tensorflow/tensorflow/cc/saved_model/loader.cc:317] SavedModel load for tags { serve }; Status: success: OK. Took 174845 microseconds.
2024-05-10 19:15:16.730374: I tensorflow_serving/servables/tensorflow/saved_model_warmup_util.cc:82] No warmup data file found at /tmp/1/assets.extra/tf_serving_warmup_requests
2024-05-10 19:15:16.877912: I tensorflow_serving/core/loader_harness.cc:97] Successfully loaded servable version {name: fashion_model version: 1}
2024-05-10 19:15:16.879282: I tensorflow_serving/model_servers/server_core.cc:492] Finished adding/updating models
2024-05-10 19:15:16.879407: I tensorflow_serving/model_servers/server.cc:121] Using InsecureServerCredentials
2024-05-10 19:15:16.879425: I tensorflow_serving/model_servers/server.cc:388] Profiler service is enabled
2024-05-10 19:15:16.879850: I tensorflow_serving/model_servers/server.cc:423] Running gRPC ModelServer at 0.0.0.0:8500 ...
[evhttp_server.cc : 250] NET_LOG: Entering the event loop ...
2024-05-10 19:15:16.881243: I tensorflow_serving/model_servers/server.cc:444] Exporting HTTP/REST API at:localhost:8503 ...
