2024-05-11 08:34:14.070534: I tensorflow_serving/model_servers/server.cc:77] Building single TensorFlow model file config:  model_name: helloworld model_base_path: /tmp
2024-05-11 08:34:14.072675: I tensorflow_serving/model_servers/server_core.cc:471] Adding/updating models.
2024-05-11 08:34:14.072745: I tensorflow_serving/model_servers/server_core.cc:600]  (Re-)adding model: helloworld
2024-05-11 08:34:14.255808: I tensorflow_serving/core/basic_manager.cc:740] Successfully reserved resources to load servable {name: helloworld version: 1}
2024-05-11 08:34:14.255912: I tensorflow_serving/core/loader_harness.cc:68] Approving load for servable version {name: helloworld version: 1}
2024-05-11 08:34:14.255927: I tensorflow_serving/core/loader_harness.cc:76] Loading servable version {name: helloworld version: 1}
2024-05-11 08:34:14.260333: I external/org_tensorflow/tensorflow/cc/saved_model/reader.cc:83] Reading SavedModel from: /tmp/1
2024-05-11 08:34:14.264577: I external/org_tensorflow/tensorflow/cc/saved_model/reader.cc:51] Reading meta graph with tags { serve }
2024-05-11 08:34:14.264658: I external/org_tensorflow/tensorflow/cc/saved_model/reader.cc:146] Reading SavedModel debug info (if present) from: /tmp/1
2024-05-11 08:34:14.266659: I external/org_tensorflow/tensorflow/core/platform/cpu_feature_guard.cc:210] This TensorFlow binary is optimized to use available CPU instructions in performance-critical operations.
To enable the following instructions: AVX2 FMA, in other operations, rebuild TensorFlow with the appropriate compiler flags.
2024-05-11 08:34:14.314916: I external/org_tensorflow/tensorflow/compiler/mlir/mlir_graph_optimization_pass.cc:388] MLIR V1 optimization pass is not enabled
2024-05-11 08:34:14.327761: I external/org_tensorflow/tensorflow/cc/saved_model/loader.cc:234] Restoring SavedModel bundle.
2024-05-11 08:34:14.493674: I external/org_tensorflow/tensorflow/cc/saved_model/loader.cc:218] Running initialization op on SavedModel bundle at path: /tmp/1
2024-05-11 08:34:14.499134: I external/org_tensorflow/tensorflow/cc/saved_model/loader.cc:317] SavedModel load for tags { serve }; Status: success: OK. Took 239193 microseconds.
2024-05-11 08:34:14.500690: I tensorflow_serving/servables/tensorflow/saved_model_warmup_util.cc:82] No warmup data file found at /tmp/1/assets.extra/tf_serving_warmup_requests
2024-05-11 08:34:14.563813: I tensorflow_serving/core/loader_harness.cc:97] Successfully loaded servable version {name: helloworld version: 1}
2024-05-11 08:34:14.565105: I tensorflow_serving/model_servers/server_core.cc:492] Finished adding/updating models
2024-05-11 08:34:14.565250: I tensorflow_serving/model_servers/server.cc:121] Using InsecureServerCredentials
2024-05-11 08:34:14.567508: I tensorflow_serving/model_servers/server.cc:388] Profiler service is enabled
2024-05-11 08:34:14.572463: I tensorflow_serving/model_servers/server.cc:423] Running gRPC ModelServer at 0.0.0.0:8500 ...
2024-05-11 08:34:14.575483: I tensorflow_serving/model_servers/server.cc:444] Exporting HTTP/REST API at:localhost:8502 ...
[evhttp_server.cc : 250] NET_LOG: Entering the event loop ...
